# JRE version: OpenJDK Runtime Environment (11.0.13) (build 11.0.13+0-b1751.21-8125866)
# Java VM: OpenJDK 64-Bit Server VM (11.0.13+0-b1751.21-8125866, mixed mode, tiered, compressed oops, g1 gc, windows-amd64)
Heap:
 garbage-first heap   total 258048K, used 142062K [0x00000000a0000000, 0x0000000100000000)
  region size 1024K, 90 young (92160K), 19 survivors (19456K)
 Metaspace       used 73875K, capacity 75969K, committed 76160K, reserved 1116160K
  class space    used 9326K, capacity 10047K, committed 10112K, reserved 1048576K
GC Heap History (16 events):
Event: 0.545 GC heap before
{Heap before GC invocations=0 (full 0):
 garbage-first heap   total 258048K, used 29696K [0x00000000a0000000, 0x0000000100000000)
  region size 1024K, 24 young (24576K), 0 survivors (0K)
 Metaspace       used 10817K, capacity 11133K, committed 11264K, reserved 1058816K
  class space    used 1127K, capacity 1203K, committed 1280K, reserved 1048576K
}
Event: 0.548 GC heap after
{Heap after GC invocations=1 (full 0):
 garbage-first heap   total 258048K, used 8493K [0x00000000a0000000, 0x0000000100000000)
  region size 1024K, 3 young (3072K), 3 survivors (3072K)
 Metaspace       used 10817K, capacity 11133K, committed 11264K, reserved 1058816K
  class space    used 1127K, capacity 1203K, committed 1280K, reserved 1048576K
}
Event: 1.777 GC heap before
{Heap before GC invocations=1 (full 0):
 garbage-first heap   total 258048K, used 86317K [0x00000000a0000000, 0x0000000100000000)
  region size 1024K, 80 young (81920K), 3 survivors (3072K)
 Metaspace       used 20488K, capacity 21020K, committed 21248K, reserved 1069056K
  class space    used 2382K, capacity 2532K, committed 2560K, reserved 1048576K
}
Event: 1.784 GC heap after
{Heap after GC invocations=2 (full 0):
 garbage-first heap   total 258048K, used 15212K [0x00000000a0000000, 0x0000000100000000)
  region size 1024K, 10 young (10240K), 10 survivors (10240K)
 Metaspace       used 20488K, capacity 21020K, committed 21248K, reserved 1069056K
  class space    used 2382K, capacity 2532K, committed 2560K, reserved 1048576K
}
Event: 2.205 GC heap before
{Heap before GC invocations=3 (full 0):
 garbage-first heap   total 258048K, used 52076K [0x00000000a0000000, 0x0000000100000000)
  region size 1024K, 46 young (47104K), 10 survivors (10240K)
 Metaspace       used 24875K, capacity 25502K, committed 25600K, reserved 1071104K
  class space    used 3099K, capacity 3305K, committed 3328K, reserved 1048576K
}
Event: 2.210 GC heap after
{Heap after GC invocations=4 (full 0):
 garbage-first heap   total 258048K, used 17384K [0x00000000a0000000, 0x0000000100000000)
  region size 1024K, 2 young (2048K), 2 survivors (2048K)
 Metaspace       used 24875K, capacity 25502K, committed 25600K, reserved 1071104K
  class space    used 3099K, capacity 3305K, committed 3328K, reserved 1048576K
}
Event: 3.184 GC heap before
{Heap before GC invocations=4 (full 0):
 garbage-first heap   total 258048K, used 81896K [0x00000000a0000000, 0x0000000100000000)
  region size 1024K, 64 young (65536K), 2 survivors (2048K)
 Metaspace       used 34762K, capacity 35482K, committed 35628K, reserved 1081344K
  class space    used 4371K, capacity 4632K, committed 4736K, reserved 1048576K
}
Event: 3.192 GC heap after
{Heap after GC invocations=5 (full 0):
 garbage-first heap   total 258048K, used 23009K [0x00000000a0000000, 0x0000000100000000)
  region size 1024K, 6 young (6144K), 6 survivors (6144K)
 Metaspace       used 34762K, capacity 35482K, committed 35628K, reserved 1081344K
  class space    used 4371K, capacity 4632K, committed 4736K, reserved 1048576K
}
Event: 4.599 GC heap before
{Heap before GC invocations=6 (full 0):
 garbage-first heap   total 258048K, used 114145K [0x00000000a0000000, 0x0000000100000000)
  region size 1024K, 96 young (98304K), 6 survivors (6144K)
 Metaspace       used 42551K, capacity 43480K, committed 43648K, reserved 1087488K
  class space    used 5368K, capacity 5713K, committed 5760K, reserved 1048576K
}
Event: 4.624 GC heap after
{Heap after GC invocations=7 (full 0):
 garbage-first heap   total 258048K, used 27237K [0x00000000a0000000, 0x0000000100000000)
  region size 1024K, 12 young (12288K), 12 survivors (12288K)
 Metaspace       used 42551K, capacity 43480K, committed 43648K, reserved 1087488K
  class space    used 5368K, capacity 5713K, committed 5760K, reserved 1048576K
}
Event: 6.326 GC heap before
{Heap before GC invocations=8 (full 0):
 garbage-first heap   total 258048K, used 158309K [0x00000000a0000000, 0x0000000100000000)
  region size 1024K, 132 young (135168K), 12 survivors (12288K)
 Metaspace       used 54095K, capacity 55294K, committed 55552K, reserved 1097728K
  class space    used 6689K, capacity 7108K, committed 7168K, reserved 1048576K
}
Event: 6.344 GC heap after
{Heap after GC invocations=9 (full 0):
 garbage-first heap   total 258048K, used 45176K [0x00000000a0000000, 0x0000000100000000)
  region size 1024K, 15 young (15360K), 15 survivors (15360K)
 Metaspace       used 54095K, capacity 55294K, committed 55552K, reserved 1097728K
  class space    used 6689K, capacity 7108K, committed 7168K, reserved 1048576K
}
Event: 8.460 GC heap before
{Heap before GC invocations=9 (full 0):
 garbage-first heap   total 258048K, used 179320K [0x00000000a0000000, 0x0000000100000000)
  region size 1024K, 146 young (149504K), 15 survivors (15360K)
 Metaspace       used 65343K, capacity 66892K, committed 67200K, reserved 1107968K
  class space    used 7978K, capacity 8481K, committed 8576K, reserved 1048576K
}
Event: 8.477 GC heap after
{Heap after GC invocations=10 (full 0):
 garbage-first heap   total 258048K, used 54854K [0x00000000a0000000, 0x0000000100000000)
  region size 1024K, 19 young (19456K), 19 survivors (19456K)
 Metaspace       used 65343K, capacity 66892K, committed 67200K, reserved 1107968K
  class space    used 7978K, capacity 8481K, committed 8576K, reserved 1048576K
}
Event: 9.614 GC heap before
{Heap before GC invocations=10 (full 0):
 garbage-first heap   total 258048K, used 171590K [0x00000000a0000000, 0x0000000100000000)
  region size 1024K, 130 young (133120K), 19 survivors (19456K)
 Metaspace       used 70824K, capacity 72697K, committed 72748K, reserved 1112064K
  class space    used 8826K, capacity 9460K, committed 9472K, reserved 1048576K
}
Event: 9.636 GC heap after
{Heap after GC invocations=11 (full 0):
 garbage-first heap   total 258048K, used 70382K [0x00000000a0000000, 0x0000000100000000)
  region size 1024K, 19 young (19456K), 19 survivors (19456K)
 Metaspace       used 70824K, capacity 72697K, committed 72748K, reserved 1112064K
  class space    used 8826K, capacity 9460K, committed 9472K, reserved 1048576K
}

